<?xml version="1.0" encoding="UTF-8"?>
<!-- Generated by org.testng.reporters.JUnitReportReporter -->
<testsuite hostname="Alans-MacBook-Pro.local" failures="0" tests="2" name="getChimeTest.GetJokeFactory" time="5.382" errors="0" timestamp="26 Jun 2020 21:55:56 GMT" skipped="0">
  <testcase classname="getChimeTest.GetJokeFactory" name="testJokeRandom" time="0.419"/>
  <testcase classname="getChimeTest.GetJokeFactory" name="testJokeMultiple" time="4.963"/>
</testsuite> <!-- getChimeTest.GetJokeFactory -->
