<?xml version="1.0" encoding="UTF-8"?>
<!-- Generated by org.testng.reporters.JUnitReportReporter -->
<testsuite hostname="Alans-MacBook-Pro.local" failures="0" tests="2" name="getRequest.GetData" time="8.175" errors="0" timestamp="25 Jun 2020 15:53:48 GMT" skipped="0">
  <testcase classname="getRequest.GetData" name="testResponseCode" time="6.923"/>
  <testcase classname="getRequest.GetData" name="testbody" time="1.252"/>
</testsuite> <!-- getRequest.GetData -->
